[ERROR]: during executing yosys script /openlane/scripts/yosys/synth.tcl
[ERROR]: Log: designs/invert/runs/first_run/logs/synthesis/2-synthesis.log
[ERROR]: Last 10 lines:

[TCL: yosys -import] Command name collision: found pre-existing command `cd' -> skip.
[TCL: yosys -import] Command name collision: found pre-existing command `eval' -> skip.
[TCL: yosys -import] Command name collision: found pre-existing command `exec' -> skip.
[TCL: yosys -import] Command name collision: found pre-existing command `read' -> skip.
[TCL: yosys -import] Command name collision: found pre-existing command `trace' -> skip.

1. Executing Verilog-2005 frontend: /openlane/designs/invert/src/inverter.v
ERROR: No such module: invert
child process exited abnormally

[ERROR]: Creating issue reproducible...
[ERROR]: Flow failed.
[ERROR]: during executing yosys script /openlane/scripts/yosys/synth.tcl
[ERROR]: Log: designs/invert/runs/first_run/logs/synthesis/4-synthesis.log
[ERROR]: Last 10 lines:

[TCL: yosys -import] Command name collision: found pre-existing command `cd' -> skip.
[TCL: yosys -import] Command name collision: found pre-existing command `eval' -> skip.
[TCL: yosys -import] Command name collision: found pre-existing command `exec' -> skip.
[TCL: yosys -import] Command name collision: found pre-existing command `read' -> skip.
[TCL: yosys -import] Command name collision: found pre-existing command `trace' -> skip.

1. Executing Verilog-2005 frontend: /openlane/designs/invert/src/inverter.v
ERROR: No such module: invert
child process exited abnormally

[ERROR]: Creating issue reproducible...
[ERROR]: during executing: "sed -i /defparam/d /openlane/designs/invert/runs/first_run/results/synthesis/invert.v"
[ERROR]: Exit code: 1
[ERROR]: Last 10 lines:
sed: can't read /openlane/designs/invert/runs/first_run/results/synthesis/invert.v: No such file or directory

[ERROR]: during executing openroad script /openlane/scripts/openroad/sta.tcl
[ERROR]: Log: designs/invert/runs/first_run/logs/synthesis/5-sta.log
[ERROR]: Last 10 lines:
The LEF parser will ignore this statement.
To avoid this warning in the future, remove this statement from the LEF file with version 5.6 or later. See file /openlane/designs/invert/runs/first_run/tmp/merged.nom.lef at line 930.

[INFO ODB-0223]     Created 13 technology layers
[INFO ODB-0224]     Created 25 technology vias
[INFO ODB-0225]     Created 441 library cells
[INFO ODB-0226] Finished LEF file:  /openlane/designs/invert/runs/first_run/tmp/merged.nom.lef
Reading netlist...
cannot read file /openlane/designs/invert/runs/first_run/results/synthesis/invert.v.
child process exited abnormally

[ERROR]: Creating issue reproducible...
[ERROR]: Failed to package reproducible.
[ERROR]: during executing openroad script /openlane/scripts/openroad/floorplan.tcl
[ERROR]: Log: designs/invert/runs/first_run/logs/floorplan/6-initial_fp.log
[ERROR]: Last 10 lines:
The LEF parser will ignore this statement.
To avoid this warning in the future, remove this statement from the LEF file with version 5.6 or later. See file /openlane/designs/invert/runs/first_run/tmp/merged.nom.lef at line 930.

[INFO ODB-0223]     Created 13 technology layers
[INFO ODB-0224]     Created 25 technology vias
[INFO ODB-0225]     Created 441 library cells
[INFO ODB-0226] Finished LEF file:  /openlane/designs/invert/runs/first_run/tmp/merged.nom.lef
Reading netlist...
cannot read file /openlane/designs/invert/runs/first_run/results/synthesis/invert.v.
child process exited abnormally

[ERROR]: Creating issue reproducible...
[ERROR]: Failed to package reproducible.
