[INFO]: Run Directory: /openlane/designs/invert/runs/first_run
[INFO]: Preparing LEF files for the nom corner...
[INFO]: Preparing LEF files for the min corner...
[INFO]: Preparing LEF files for the max corner...
[INFO]: Running Synthesis (log: designs/invert/runs/first_run/logs/synthesis/1-synthesis.log)...
[INFO]: Running Synthesis (log: designs/invert/runs/first_run/logs/synthesis/2-synthesis.log)...
[INFO]: Executing yosys with Tcl script 'scripts/yosys/synth.tcl'...
[ERROR]: during executing yosys script /openlane/scripts/yosys/synth.tcl
[ERROR]: Log: designs/invert/runs/first_run/logs/synthesis/2-synthesis.log
[ERROR]: Last 10 lines:

[TCL: yosys -import] Command name collision: found pre-existing command `cd' -> skip.
[TCL: yosys -import] Command name collision: found pre-existing command `eval' -> skip.
[TCL: yosys -import] Command name collision: found pre-existing command `exec' -> skip.
[TCL: yosys -import] Command name collision: found pre-existing command `read' -> skip.
[TCL: yosys -import] Command name collision: found pre-existing command `trace' -> skip.

1. Executing Verilog-2005 frontend: /openlane/designs/invert/src/inverter.v
ERROR: No such module: invert
child process exited abnormally

[ERROR]: Creating issue reproducible...
[INFO]: Saving runtime environment...
[INFO]: Reproducible packaged: Please tarball and upload 'designs/invert/runs/first_run/issue_reproducible' if you're going to submit an issue.
[INFO]: Calculating runtime...
[INFO]: Saving current set of views in 'designs/invert/runs/first_run/results/final'...
[INFO]: Generating final set of reports...
[INFO]: Created manufacturability report at 'designs/invert/runs/first_run/reports/manufacturability.rpt'.
[INFO]: Created metrics report at 'designs/invert/runs/first_run/reports/metrics.csv'.
[INFO]: Saving runtime environment...
[ERROR]: Flow failed.
[INFO]: Run Directory: /openlane/designs/invert/runs/first_run
[WARNING]: A run for invert with tag 'first_run' already exists. Pass the -overwrite option to overwrite it.
[INFO]: Sourcing /openlane/designs/invert/runs/first_run/config.tcl. Note that any changes to the DESIGN config file will NOT be applied.
[INFO]: Running Synthesis (log: designs/invert/runs/first_run/logs/synthesis/3-synthesis.log)...
[INFO]: Running Synthesis (log: designs/invert/runs/first_run/logs/synthesis/4-synthesis.log)...
[INFO]: Executing yosys with Tcl script 'scripts/yosys/synth.tcl'...
[ERROR]: during executing yosys script /openlane/scripts/yosys/synth.tcl
[ERROR]: Log: designs/invert/runs/first_run/logs/synthesis/4-synthesis.log
[ERROR]: Last 10 lines:

[TCL: yosys -import] Command name collision: found pre-existing command `cd' -> skip.
[TCL: yosys -import] Command name collision: found pre-existing command `eval' -> skip.
[TCL: yosys -import] Command name collision: found pre-existing command `exec' -> skip.
[TCL: yosys -import] Command name collision: found pre-existing command `read' -> skip.
[TCL: yosys -import] Command name collision: found pre-existing command `trace' -> skip.

1. Executing Verilog-2005 frontend: /openlane/designs/invert/src/inverter.v
ERROR: No such module: invert
child process exited abnormally

[ERROR]: Creating issue reproducible...
[INFO]: Saving runtime environment...
[INFO]: Reproducible packaged: Please tarball and upload 'designs/invert/runs/first_run/issue_reproducible' if you're going to submit an issue.
[INFO]: Changing netlist to 'designs/invert/runs/first_run/results/synthesis/invert.v'...
[ERROR]: during executing: "sed -i /defparam/d /openlane/designs/invert/runs/first_run/results/synthesis/invert.v"
[ERROR]: Exit code: 1
[ERROR]: Last 10 lines:
sed: can't read /openlane/designs/invert/runs/first_run/results/synthesis/invert.v: No such file or directory

[INFO]: Running Single-Corner Static Timing Analysis (log: designs/invert/runs/first_run/logs/synthesis/5-sta.log)...
[INFO]: Executing openroad with Tcl script 'scripts/openroad/sta.tcl'...
[ERROR]: during executing openroad script /openlane/scripts/openroad/sta.tcl
[ERROR]: Log: designs/invert/runs/first_run/logs/synthesis/5-sta.log
[ERROR]: Last 10 lines:
The LEF parser will ignore this statement.
To avoid this warning in the future, remove this statement from the LEF file with version 5.6 or later. See file /openlane/designs/invert/runs/first_run/tmp/merged.nom.lef at line 930.

[INFO ODB-0223]     Created 13 technology layers
[INFO ODB-0224]     Created 25 technology vias
[INFO ODB-0225]     Created 441 library cells
[INFO ODB-0226] Finished LEF file:  /openlane/designs/invert/runs/first_run/tmp/merged.nom.lef
Reading netlist...
cannot read file /openlane/designs/invert/runs/first_run/results/synthesis/invert.v.
child process exited abnormally

[ERROR]: Creating issue reproducible...
[INFO]: Saving runtime environment...
[ERROR]: Failed to package reproducible.
[INFO]: Reproducible packaged: Please tarball and upload 'designs/invert/runs/first_run/issue_reproducible' if you're going to submit an issue.
[INFO]: Running Initial Floorplanning (log: designs/invert/runs/first_run/logs/floorplan/6-initial_fp.log)...
[INFO]: Executing openroad with Tcl script 'scripts/openroad/floorplan.tcl'...
[ERROR]: during executing openroad script /openlane/scripts/openroad/floorplan.tcl
[ERROR]: Log: designs/invert/runs/first_run/logs/floorplan/6-initial_fp.log
[ERROR]: Last 10 lines:
The LEF parser will ignore this statement.
To avoid this warning in the future, remove this statement from the LEF file with version 5.6 or later. See file /openlane/designs/invert/runs/first_run/tmp/merged.nom.lef at line 930.

[INFO ODB-0223]     Created 13 technology layers
[INFO ODB-0224]     Created 25 technology vias
[INFO ODB-0225]     Created 441 library cells
[INFO ODB-0226] Finished LEF file:  /openlane/designs/invert/runs/first_run/tmp/merged.nom.lef
Reading netlist...
cannot read file /openlane/designs/invert/runs/first_run/results/synthesis/invert.v.
child process exited abnormally

[ERROR]: Creating issue reproducible...
[INFO]: Saving runtime environment...
[ERROR]: Failed to package reproducible.
[INFO]: Reproducible packaged: Please tarball and upload 'designs/invert/runs/first_run/issue_reproducible' if you're going to submit an issue.
[INFO]: Changing layout to 'designs/invert/runs/first_run/tmp/floorplan/6-initial_fp.def'...
[INFO]: Changing timing constraints to 'designs/invert/runs/first_run/tmp/floorplan/6-initial_fp.sdc'...
[INFO]: Changing database to 'designs/invert/runs/first_run/tmp/floorplan/6-initial_fp.odb'...
